<?xml version="1.0" encoding="UTF-8"?>
<!-- Generated by org.testng.reporters.JUnitReportReporter -->
<testsuite skipped="0" hostname="nanireddy" name="TC_NewTours" tests="1" failures="0" timestamp="2021-04-26T16:41:25 IST" time="17.111" errors="0">
  <testcase name="CreateAccount" time="17.111" classname="TC_NewTours"/>
  <system-out/>
</testsuite> <!-- TC_NewTours -->
