<?xml version="1.0" encoding="UTF-8"?>
<!-- Generated by org.testng.reporters.JUnitReportReporter -->
<testsuite skipped="0" hostname="nanireddy" name="com.qa.testscript.TC_AmazonCountry" tests="1" failures="0" timestamp="2021-04-30T15:05:16 IST" time="0.905" errors="0">
  <testcase name="CountryNames" time="0.905" classname="com.qa.testscript.TC_AmazonCountry"/>
  <system-out>
Australiahttp://www.amazon.com.au/ref=footer_au Brazilhttps://www.amazon.com.br/ref=footer_br Canadahttps://www.amazon.ca/ref=footer_ca Chinahttps://www.amazon.cn/ref=footer_cn Francehttps://www.amazon.fr/ref=footer_fr Germanyhttps://www.amazon.de/ref=footer_de Italyhttps://www.amazon.it/ref=footer_it Japanhttps://www.amazon.co.jp/ref=footer_jp Mexicohttps://www.amazon.com.mx/ref=footer_mx Netherlandshttps://www.amazon.nl/ref=footer_nl Polandhttps://www.amazon.pl/ref=footer_pl Singaporehttps://www.amazon.sg/ref=footer_sg Spainhttps://www.amazon.es/ref=footer_es Turkeyhttps://www.amazon.com.tr/ref=footer_tr United Arab Emirateshttps://www.amazon.ae/ref=footer_ae United Kingdomhttps://www.amazon.co.uk/ref=footer_uk United Stateshttps://www.amazon.com/ref=footer_us  </system-out>
</testsuite> <!-- com.qa.testscript.TC_AmazonCountry -->
