<?xml version="1.0" encoding="UTF-8"?>
<!-- Generated by org.testng.reporters.JUnitReportReporter -->
<testsuite skipped="0" hostname="nanireddy" name="com.qa.testscript.TC_Google" tests="1" failures="0" timestamp="2021-04-27T17:51:21 IST" time="3.766" errors="0">
  <testcase name="Search" time="3.766" classname="com.qa.testscript.TC_Google"/>
  <system-out>
Landed on the same page  </system-out>
</testsuite> <!-- com.qa.testscript.TC_Google -->
