<?xml version="1.0" encoding="UTF-8"?>
<!-- Generated by org.testng.reporters.JUnitReportReporter -->
<testsuite skipped="0" hostname="nanireddy" name="com.qa.testscript.TC_Alibaba" tests="4" failures="0" timestamp="2021-05-03T15:21:23 IST" time="23.624" errors="1">
  <testcase name="login" time="0.611" classname="com.qa.testscript.TC_Alibaba">
    <error type="org.testng.internal.reflect.MethodMatcherException" message="
[public void com.qa.testscript.TC_Alibaba.login(java.lang.String,java.lang.String) throws java.lang.InterruptedException] has no parameters defined but was found to be using a data provider (either explicitly specified or inherited from class level annotation).
Data provider mismatch
Method: login([Parameter{index=0, type=java.lang.String, declaredAnnotations=[]}, Parameter{index=1, type=java.lang.String, declaredAnnotations=[]}])
Arguments: [(java.lang.String) v.nanireddy111@gmail.com]">
      <![CDATA[org.testng.internal.reflect.MethodMatcherException: 
[public void com.qa.testscript.TC_Alibaba.login(java.lang.String,java.lang.String) throws java.lang.InterruptedException] has no parameters defined but was found to be using a data provider (either explicitly specified or inherited from class level annotation).
Data provider mismatch
Method: login([Parameter{index=0, type=java.lang.String, declaredAnnotations=[]}, Parameter{index=1, type=java.lang.String, declaredAnnotations=[]}])
Arguments: [(java.lang.String) v.nanireddy111@gmail.com]
at org.testng.internal.reflect.DataProviderMethodMatcher.getConformingArguments(DataProviderMethodMatcher.java:43)
at org.testng.internal.Parameters.injectParameters(Parameters.java:905)
at org.testng.internal.MethodRunner.runInSequence(MethodRunner.java:34)
at org.testng.internal.TestInvoker$MethodInvocationAgent.invoke(TestInvoker.java:822)
at org.testng.internal.TestInvoker.invokeTestMethods(TestInvoker.java:147)
at org.testng.internal.TestMethodWorker.invokeTestMethods(TestMethodWorker.java:146)
at org.testng.internal.TestMethodWorker.run(TestMethodWorker.java:128)
at java.util.concurrent.ThreadPoolExecutor.runWorker(Unknown Source)
at java.util.concurrent.ThreadPoolExecutor$Worker.run(Unknown Source)
at java.lang.Thread.run(Unknown Source)
]]>
    </error>
  </testcase> <!-- login -->
  <system-out/>
  <testcase name="searchItem" time="10.532" classname="com.qa.testscript.TC_Alibaba"/>
  <system-out>
The prices of battery$11.00-$13.00 The prices of battery$115.00-$118.45 The prices of battery$107.00-$110.21 The prices of battery$100.00-$120.00 The prices of battery$80.00-$150.00 The prices of battery$140.00-$145.00 The prices of battery$14.70-$15.60 The prices of battery$0.19-$0.20 The prices of battery$25.60-$102.60 The prices of battery$140.00-$144.20 The prices of battery$120.00-$130.00 The prices of battery$40.00-$45.00 The prices of battery$135.00-$140.00 The prices of battery$125.00-$128.75 The prices of battery$2.00-$8.00 The prices of battery$40.00-$200.00 The prices of battery$107.00-$110.21 The prices of battery$0.3001-$0.3184 The prices of battery$80.00 The prices of battery$2.00-$8.00 The prices of battery$80.00-$150.00 The prices of battery$25.60-$102.60 The prices of battery$50.00 The prices of battery$160.00-$164.40  </system-out>
  <testcase name="searchItem" time="6.350" classname="com.qa.testscript.TC_Alibaba"/>
  <system-out>
The prices of posters$0.10-$0.50 The prices of posters$0.20-$2.00 The prices of posters$2.50-$6.99 The prices of posters$1.50-$2.50 The prices of posters$6.00-$7.00 The prices of posters$2.00-$7.00 The prices of posters$2.00-$3.00 The prices of posters$1.00-$1.50 The prices of posters$2.00-$3.00 The prices of posters$7.00 The prices of posters$2.00-$3.00 The prices of posters$1.40-$1.50 The prices of posters$7.00-$9.00 The prices of posters$2.00-$3.50 The prices of posters$2.70-$4.20 The prices of posters$2.00-$3.00 The prices of posters$2.00-$3.00 The prices of posters$5.00-$10.00 The prices of posters$0.10-$0.20 The prices of posters$1.00-$5.00 The prices of posters$0.63-$0.75 The prices of posters$2.50-$2.80 The prices of posters$0.20-$10.00 The prices of posters$0.50-$10.00  </system-out>
  <testcase name="searchItem" time="6.131" classname="com.qa.testscript.TC_Alibaba"/>
  <system-out>
The prices of mobile$56.80-$90.40 The prices of mobile$0.49-$6.00 The prices of mobile$400.00-$500.00 The prices of mobile$0.70-$1.20 The prices of mobile$4.00 The prices of mobile$2.00 The prices of mobile$100.00-$150.00 The prices of mobile$155.00-$400.00 The prices of mobile$400.00-$500.00 The prices of mobile$6.00-$8.00 The prices of mobile$100.00-$150.00 The prices of mobile$400.00-$500.00 The prices of mobile$6.00-$8.00 The prices of mobile$20.00-$350.00 The prices of mobile$12.00-$20.00 The prices of mobile$1.00-$2.00 The prices of mobile$0.80-$1.75 The prices of mobile$1,000.00-$1,500.00 The prices of mobile$6.00 The prices of mobile$500.00-$1,000.00 The prices of mobile$2.35-$4.50 The prices of mobile$1.00-$2.00 The prices of mobile$500.00 The prices of mobile$0.75-$1.00  </system-out>
</testsuite> <!-- com.qa.testscript.TC_Alibaba -->
