<?xml version="1.0" encoding="UTF-8"?>
<!-- Generated by org.testng.reporters.JUnitReportReporter -->
<testsuite skipped="1" hostname="nanireddy" name="com.qa.testscript.TC_Amazon_Search" tests="1" failures="0" timestamp="2021-04-30T10:20:51 IST" time="0.000" errors="0">
  <testcase name="amazonSearch" time="0.000" classname="com.qa.testscript.TC_Amazon_Search">
    <skipped/>
  </testcase> <!-- amazonSearch -->
  <system-out/>
</testsuite> <!-- com.qa.testscript.TC_Amazon_Search -->
